0 verbose cli /usr/bin/node /usr/bin/npm
1 info using npm@10.8.2
2 info using node@v20.18.0
3 silly config load:file:/usr/lib/node_modules/npm/npmrc
4 silly config load:file:/home/user/.npmrc
5 silly config load:file:/usr/etc/npmrc
6 verbose title npm test
7 verbose argv "test"
8 verbose logfile logs-max:10 dir:/home/user/.npm/_logs/2025-02-06T17_36_37_888Z-
9 verbose logfile /home/user/.npm/_logs/2025-02-06T17_36_37_888Z-debug-0.log
10 silly logfile done cleaning log files
11 verbose stack Error: Missing script: "test"
11 verbose stack
11 verbose stack To see a list of scripts, run:
11 verbose stack   npm run
11 verbose stack     at #run (/usr/lib/node_modules/npm/lib/commands/run-script.js:110:13)
11 verbose stack     at async RunScript.exec (/usr/lib/node_modules/npm/lib/commands/run-script.js:39:7)
11 verbose stack     at async Npm.exec (/usr/lib/node_modules/npm/lib/npm.js:207:9)
11 verbose stack     at async module.exports (/usr/lib/node_modules/npm/lib/cli/entry.js:74:5)
12 error Missing script: "test"
12 error
12 error To see a list of scripts, run:
12 error   npm run
13 verbose cwd /home/user
14 verbose os Linux 6.1.102
15 verbose node v20.18.0
16 verbose npm  v10.8.2
17 verbose exit 1
18 verbose code 1
19 error A complete log of this run can be found in: /home/user/.npm/_logs/2025-02-06T17_36_37_888Z-debug-0.log
